03/03/2024 04:48:49 PM: INFO: ***************** Test_001_Login_Start_Execution **********************
03/03/2024 04:48:50 PM: INFO: ***************** Page Title verification is Passed **********************
03/03/2024 04:49:01 PM: INFO: ***************** Test_001_Login_Start_Execution **********************
03/03/2024 04:49:02 PM: INFO: ***************** Page Title verification is Passed **********************
03/03/2024 04:49:10 PM: INFO: ***************** Test_001_Login_Start_Execution **********************
03/03/2024 04:49:10 PM: INFO: ***************** Page Title verification is Passed **********************
03/03/2024 04:49:22 PM: INFO: ***************** Start Login with Valid Credentials **********************
03/03/2024 04:49:22 PM: INFO: ***************** Varify Login Page Title **********************
03/03/2024 04:49:36 PM: INFO: ***************** Login with valid credentials is Passed **********************
03/03/2024 04:49:38 PM: INFO: ******************* Test_001_Login Testing Completed ***********************
03/03/2024 04:49:48 PM: INFO: ***************** Test_002_Add_New_Customer ******************
03/03/2024 04:49:48 PM: INFO: ***************** Start Login with Valid Credentials **********************
03/03/2024 04:49:53 PM: INFO: **************** Login Successful *******************
03/03/2024 04:49:53 PM: INFO: ******* Start processing to adding new customer details ***********
03/03/2024 04:50:04 PM: INFO: ******* Start adding new customer details ***********
03/03/2024 04:50:24 PM: INFO: *******  new customer details is saved ***********
03/03/2024 04:50:24 PM: INFO: ******* Verify the newly created customer ***********
03/03/2024 04:50:24 PM: INFO: ********** Customer added successfully **************
03/03/2024 04:50:26 PM: INFO: ***************** Test_002_Add_New_Customer is completed ******************
03/03/2024 04:50:36 PM: INFO: ***************** Test_003_Search_Customer_By_Email ******************
03/03/2024 04:50:36 PM: INFO: ***************** Start Login with Valid Credentials **********************
03/03/2024 04:50:40 PM: INFO: **************** Login Successful *******************
03/03/2024 04:50:40 PM: INFO: ******* Start processing to searching a existing customer ***********
03/03/2024 04:50:40 PM: INFO: ******* Moving to the search page ***********
03/03/2024 04:50:48 PM: INFO: ******* Start searching processes with email id ***********
03/03/2024 04:50:58 PM: INFO: ***************** Test_003_Search_Customer_By_Email is completed ******************
03/03/2024 04:51:09 PM: INFO: ***************** Test_005_Search_Customer_By_Name ******************

03/03/2024 04:51:09 PM: INFO: ***************** Start Login with Valid Credentials **********************
03/03/2024 04:51:12 PM: INFO: **************** Login Successful *******************
03/03/2024 04:51:12 PM: INFO: ******* Start processing to searching a existing customer ***********
03/03/2024 04:51:12 PM: INFO: ******* Moving to the search page ***********
03/03/2024 04:51:25 PM: INFO: ******* Start searching processes with Name ***********
03/03/2024 04:51:31 PM: INFO: ***************** Test_005_Search_Customer_By_Name is completed ******************
