03/02/2024 12:35:29 PM: INFO: ***************** Test_001_Login_Start_Execution **********************
03/02/2024 12:35:30 PM: INFO: ***************** Page Title verification is Passed **********************
03/02/2024 12:35:42 PM: INFO: ***************** Test_001_Login_Start_Execution **********************
03/02/2024 12:35:43 PM: INFO: ***************** Page Title verification is Passed **********************
03/02/2024 12:35:51 PM: INFO: ***************** Test_001_Login_Start_Execution **********************
03/02/2024 12:35:52 PM: INFO: ***************** Page Title verification is Passed **********************
03/02/2024 12:36:04 PM: INFO: ***************** Start Login with Valid Credentials **********************
03/02/2024 12:36:04 PM: INFO: ***************** Varify Login Page Title **********************
03/02/2024 12:36:16 PM: INFO: ***************** Login with valid credentials is Passed **********************
03/02/2024 12:36:18 PM: INFO: ******************* Test_001_Login Testing Completed ***********************
03/02/2024 12:36:28 PM: INFO: ***************** Test_002_Add_New_Customer ******************
03/02/2024 12:36:28 PM: INFO: ***************** Start Login with Valid Credentials **********************
03/02/2024 12:36:31 PM: INFO: **************** Login Successful *******************
03/02/2024 12:36:31 PM: INFO: ******* Start processing to adding new customer details ***********
03/02/2024 12:36:41 PM: INFO: ******* Start adding new customer details ***********
03/02/2024 12:37:01 PM: INFO: *******  new customer details is saved ***********
03/02/2024 12:37:01 PM: INFO: ******* Verify the newly created customer ***********
03/02/2024 12:37:02 PM: INFO: ********** Customer added successfully **************
03/02/2024 12:37:03 PM: INFO: ***************** Test_002_Add_New_Customer is completed ******************
03/02/2024 12:37:13 PM: INFO: ***************** Test_003_Search_Customer_By_Email ******************
03/02/2024 12:37:13 PM: INFO: ***************** Start Login with Valid Credentials **********************
03/02/2024 12:37:15 PM: INFO: **************** Login Successful *******************
03/02/2024 12:37:15 PM: INFO: ******* Start processing to searching a existing customer ***********
03/02/2024 12:37:15 PM: INFO: ******* Moving to the search page ***********
03/02/2024 12:37:23 PM: INFO: ******* Start searching processes with email id ***********
03/02/2024 12:37:33 PM: INFO: ***************** Test_003_Search_Customer_By_Email is completed ******************
03/02/2024 12:37:45 PM: INFO: ***************** Test_005_Search_Customer_By_Name ******************

03/02/2024 12:37:45 PM: INFO: ***************** Start Login with Valid Credentials **********************
03/02/2024 12:37:47 PM: INFO: **************** Login Successful *******************
03/02/2024 12:37:47 PM: INFO: ******* Start processing to searching a existing customer ***********
03/02/2024 12:37:47 PM: INFO: ******* Moving to the search page ***********
03/02/2024 12:37:59 PM: INFO: ******* Start searching processes with Name ***********
03/02/2024 12:38:05 PM: INFO: ***************** Test_005_Search_Customer_By_Name is completed ******************
