12/28/2023 08:46:50 PM: INFO: ***************** Test_001_Login_Start_Execution **********************
12/28/2023 08:46:52 PM: INFO: ***************** Page Title verification is Passed **********************
12/28/2023 08:47:03 PM: INFO: ***************** Start Login with Valid Credentials **********************
12/28/2023 08:47:03 PM: INFO: ***************** Varify Login Page Title **********************
12/28/2023 08:47:15 PM: INFO: ***************** Login with valid credentials is Passed **********************
12/28/2023 08:47:17 PM: INFO: ******************* Test_001_Login Testing Completed ***********************
12/28/2023 08:47:25 PM: INFO: ***************** Test_002_Add_New_Customer ******************
12/28/2023 08:47:25 PM: INFO: ***************** Start Login with Valid Credentials **********************
12/28/2023 08:47:28 PM: INFO: **************** Login Successful *******************
12/28/2023 08:47:28 PM: INFO: ******* Start processing to adding new customer details ***********
12/28/2023 08:47:39 PM: INFO: ******* Start adding new customer details ***********
12/28/2023 08:47:57 PM: INFO: *******  new customer details is saved ***********
12/28/2023 08:47:57 PM: INFO: ******* Verify the newly created customer ***********
12/28/2023 08:47:57 PM: INFO: ********** Customer added successfully **************
12/28/2023 08:47:59 PM: INFO: ***************** Test_002_Add_New_Customer is completed ******************
12/28/2023 08:48:06 PM: INFO: ***************** Test_003_Search_Customer_By_Email ******************
12/28/2023 08:48:06 PM: INFO: ***************** Start Login with Valid Credentials **********************
12/28/2023 08:48:14 PM: INFO: **************** Login Successful *******************
12/28/2023 08:48:14 PM: INFO: ******* Start processing to searching a existing customer ***********
12/28/2023 08:48:14 PM: INFO: ******* Moving to the search page ***********
12/28/2023 08:48:21 PM: INFO: ******* Start searching processes with email id ***********
12/28/2023 08:48:32 PM: INFO: ***************** Test_003_Search_Customer_By_Email is completed ******************
12/28/2023 08:48:43 PM: INFO: ***************** Test_005_Search_Customer_By_Name ******************

12/28/2023 08:48:43 PM: INFO: ***************** Start Login with Valid Credentials **********************
12/28/2023 08:48:47 PM: INFO: **************** Login Successful *******************
12/28/2023 08:48:47 PM: INFO: ******* Start processing to searching a existing customer ***********
12/28/2023 08:48:47 PM: INFO: ******* Moving to the search page ***********
12/28/2023 08:48:59 PM: INFO: ******* Start searching processes with Name ***********
12/28/2023 08:49:05 PM: INFO: ***************** Test_005_Search_Customer_By_Name is completed ******************
03/01/2024 09:52:01 PM: INFO: ***************** Test_002_Add_New_Customer ******************
03/01/2024 09:52:01 PM: INFO: ***************** Start Login with Valid Credentials **********************
03/01/2024 09:52:04 PM: INFO: **************** Login Successful *******************
03/01/2024 09:52:04 PM: INFO: ******* Start processing to adding new customer details ***********
03/01/2024 09:52:15 PM: INFO: ******* Start adding new customer details ***********
03/01/2024 09:52:33 PM: INFO: *******  new customer details is saved ***********
03/01/2024 09:52:33 PM: INFO: ******* Verify the newly created customer ***********
03/01/2024 09:52:33 PM: INFO: ********** Customer added successfully **************
03/01/2024 09:52:35 PM: INFO: ***************** Test_002_Add_New_Customer is completed ******************
