03/01/2024 11:14:34 PM: INFO: ***************** Test_001_Login_Start_Execution **********************
03/01/2024 11:14:35 PM: INFO: ***************** Page Title verification is Passed **********************
03/01/2024 11:14:53 PM: INFO: ***************** Test_001_Login_Start_Execution **********************
03/01/2024 11:14:54 PM: INFO: ***************** Page Title verification is Passed **********************
03/01/2024 11:15:03 PM: INFO: ***************** Test_001_Login_Start_Execution **********************
03/01/2024 11:15:04 PM: INFO: ***************** Page Title verification is Passed **********************
03/01/2024 11:15:17 PM: INFO: ***************** Start Login with Valid Credentials **********************
03/01/2024 11:15:17 PM: INFO: ***************** Varify Login Page Title **********************
03/01/2024 11:15:31 PM: INFO: ***************** Login with valid credentials is Passed **********************
03/01/2024 11:15:33 PM: INFO: ******************* Test_001_Login Testing Completed ***********************
03/01/2024 11:15:43 PM: INFO: ***************** Test_002_Add_New_Customer ******************
03/01/2024 11:15:43 PM: INFO: ***************** Start Login with Valid Credentials **********************
03/01/2024 11:15:47 PM: INFO: **************** Login Successful *******************
03/01/2024 11:15:47 PM: INFO: ******* Start processing to adding new customer details ***********
03/01/2024 11:15:58 PM: INFO: ******* Start adding new customer details ***********
03/01/2024 11:16:18 PM: INFO: *******  new customer details is saved ***********
03/01/2024 11:16:18 PM: INFO: ******* Verify the newly created customer ***********
03/01/2024 11:16:18 PM: INFO: ********** Customer added successfully **************
03/01/2024 11:16:20 PM: INFO: ***************** Test_002_Add_New_Customer is completed ******************
03/01/2024 11:16:30 PM: INFO: ***************** Test_003_Search_Customer_By_Email ******************
03/01/2024 11:16:30 PM: INFO: ***************** Start Login with Valid Credentials **********************
03/01/2024 11:16:33 PM: INFO: **************** Login Successful *******************
03/01/2024 11:16:33 PM: INFO: ******* Start processing to searching a existing customer ***********
03/01/2024 11:16:33 PM: INFO: ******* Moving to the search page ***********
03/01/2024 11:16:42 PM: INFO: ******* Start searching processes with email id ***********
03/01/2024 11:16:52 PM: INFO: ***************** Test_003_Search_Customer_By_Email is completed ******************
03/01/2024 11:17:04 PM: INFO: ***************** Test_005_Search_Customer_By_Name ******************

03/01/2024 11:17:04 PM: INFO: ***************** Start Login with Valid Credentials **********************
03/01/2024 11:17:09 PM: INFO: **************** Login Successful *******************
03/01/2024 11:17:09 PM: INFO: ******* Start processing to searching a existing customer ***********
03/01/2024 11:17:09 PM: INFO: ******* Moving to the search page ***********
03/01/2024 11:17:21 PM: INFO: ******* Start searching processes with Name ***********
03/01/2024 11:17:27 PM: INFO: ***************** Test_005_Search_Customer_By_Name is completed ******************
