03/03/2024 04:56:44 PM: INFO: ***************** Test_001_Login_Start_Execution **********************
03/03/2024 04:56:46 PM: INFO: ***************** Page Title verification is Passed **********************
03/03/2024 04:56:58 PM: INFO: ***************** Test_001_Login_Start_Execution **********************
03/03/2024 04:56:59 PM: INFO: ***************** Page Title verification is Passed **********************
03/03/2024 04:57:10 PM: INFO: ***************** Test_001_Login_Start_Execution **********************
03/03/2024 04:57:12 PM: INFO: ***************** Page Title verification is Passed **********************
03/09/2024 03:55:43 PM: INFO: ***************** Test_001_Login_Start_Execution **********************
03/09/2024 03:55:44 PM: INFO: ***************** Page Title verification is Passed **********************
03/09/2024 03:55:52 PM: INFO: ***************** Test_001_Login_Start_Execution **********************
03/09/2024 03:55:53 PM: INFO: ***************** Page Title verification is Passed **********************
03/09/2024 03:56:01 PM: INFO: ***************** Test_001_Login_Start_Execution **********************
03/09/2024 03:56:03 PM: INFO: ***************** Page Title verification is Passed **********************
03/09/2024 03:56:11 PM: INFO: ***************** Start Login with Valid Credentials **********************
03/09/2024 03:56:11 PM: INFO: ***************** Varify Login Page Title **********************
03/09/2024 03:56:25 PM: INFO: ***************** Login with valid credentials is Passed **********************
03/09/2024 03:56:26 PM: INFO: ******************* Test_001_Login Testing Completed ***********************
03/09/2024 03:56:35 PM: INFO: ***************** Test_002_Add_New_Customer ******************
03/09/2024 03:56:35 PM: INFO: ***************** Start Login with Valid Credentials **********************
03/09/2024 03:56:37 PM: INFO: **************** Login Successful *******************
03/09/2024 03:56:37 PM: INFO: ******* Start processing to adding new customer details ***********
03/09/2024 03:56:48 PM: INFO: ******* Start adding new customer details ***********
03/09/2024 03:57:05 PM: INFO: *******  new customer details is saved ***********
03/09/2024 03:57:05 PM: INFO: ******* Verify the newly created customer ***********
03/09/2024 03:57:06 PM: INFO: ********** Customer added successfully **************
03/09/2024 03:57:07 PM: INFO: ***************** Test_002_Add_New_Customer is completed ******************
03/09/2024 03:57:15 PM: INFO: ***************** Test_003_Search_Customer_By_Email ******************
03/09/2024 03:57:15 PM: INFO: ***************** Start Login with Valid Credentials **********************
03/09/2024 03:57:18 PM: INFO: **************** Login Successful *******************
03/09/2024 03:57:18 PM: INFO: ******* Start processing to searching a existing customer ***********
03/09/2024 03:57:18 PM: INFO: ******* Moving to the search page ***********
03/09/2024 03:57:25 PM: INFO: ***************** Test_005_Search_Customer_By_Name ******************

03/09/2024 03:57:25 PM: INFO: ***************** Start Login with Valid Credentials **********************
03/09/2024 03:57:28 PM: INFO: **************** Login Successful *******************
03/09/2024 03:57:28 PM: INFO: ******* Start processing to searching a existing customer ***********
03/09/2024 03:57:28 PM: INFO: ******* Moving to the search page ***********
03/09/2024 03:57:41 PM: INFO: ******* Start searching processes with Name ***********
03/09/2024 03:57:46 PM: INFO: ***************** Test_005_Search_Customer_By_Name is completed ******************
